# JRE version: Java(TM) SE Runtime Environment (7.0_71-b14) (build 1.7.0_71-b14)
# Java VM: Java HotSpot(TM) 64-Bit Server VM (24.71-b01 mixed mode linux-amd64 compressed oops)
Heap
 PSYoungGen      total 219648K, used 32752K [0x00000000e0f00000, 0x00000000f0e00000, 0x0000000100000000)
  eden space 186880K, 0% used [0x00000000e0f00000,0x00000000e0f00000,0x00000000ec580000)
  from space 32768K, 99% used [0x00000000ec580000,0x00000000ee57c010,0x00000000ee580000)
  to   space 24064K, 0% used [0x00000000ee580000,0x00000000ee580000,0x00000000efd00000)
 ParOldGen       total 78848K, used 76992K [0x00000000a2e00000, 0x00000000a7b00000, 0x00000000e0f00000)
  object space 78848K, 97% used [0x00000000a2e00000,0x00000000a79300c8,0x00000000a7b00000)
 PSPermGen       total 31744K, used 31487K [0x000000009dc00000, 0x000000009fb00000, 0x00000000a2e00000)
  object space 31744K, 99% used [0x000000009dc00000,0x000000009fabff60,0x000000009fb00000)
GC Heap History (10 events):
Event: 2,246 GC heap after
Heap after GC invocations=4 (full 0):
 PSYoungGen      total 52736K, used 3584K [0x00000000e0f00000, 0x00000000e4600000, 0x0000000100000000)
  eden space 49152K, 0% used [0x00000000e0f00000,0x00000000e0f00000,0x00000000e3f00000)
  from space 3584K, 100% used [0x00000000e4280000,0x00000000e4600000,0x00000000e4600000)
  to   space 3584K, 0% used [0x00000000e3f00000,0x00000000e3f00000,0x00000000e4280000)
 ParOldGen       total 63488K, used 10040K [0x00000000a2e00000, 0x00000000a6c00000, 0x00000000e0f00000)
  object space 63488K, 15% used [0x00000000a2e00000,0x00000000a37ce0c0,0x00000000a6c00000)
 PSPermGen       total 21504K, used 10935K [0x000000009dc00000, 0x000000009f100000, 0x00000000a2e00000)
  object space 21504K, 50% used [0x000000009dc00000,0x000000009e6addb8,0x000000009f100000)
}
Event: 3,817 GC heap before
{Heap before GC invocations=5 (full 0):
 PSYoungGen      total 52736K, used 52736K [0x00000000e0f00000, 0x00000000e4600000, 0x0000000100000000)
  eden space 49152K, 100% used [0x00000000e0f00000,0x00000000e3f00000,0x00000000e3f00000)
  from space 3584K, 100% used [0x00000000e4280000,0x00000000e4600000,0x00000000e4600000)
  to   space 3584K, 0% used [0x00000000e3f00000,0x00000000e3f00000,0x00000000e4280000)
 ParOldGen       total 63488K, used 10040K [0x00000000a2e00000, 0x00000000a6c00000, 0x00000000e0f00000)
  object space 63488K, 15% used [0x00000000a2e00000,0x00000000a37ce0c0,0x00000000a6c00000)
 PSPermGen       total 21504K, used 14039K [0x000000009dc00000, 0x000000009f100000, 0x00000000a2e00000)
  object space 21504K, 65% used [0x000000009dc00000,0x000000009e9b5db8,0x000000009f100000)
Event: 3,857 GC heap after
Heap after GC invocations=5 (full 0):
 PSYoungGen      total 52736K, used 3584K [0x00000000e0f00000, 0x00000000e8800000, 0x0000000100000000)
  eden space 49152K, 0% used [0x00000000e0f00000,0x00000000e0f00000,0x00000000e3f00000)
  from space 3584K, 100% used [0x00000000e3f00000,0x00000000e4280000,0x00000000e4280000)
  to   space 12800K, 0% used [0x00000000e7b80000,0x00000000e7b80000,0x00000000e8800000)
 ParOldGen       total 63488K, used 18293K [0x00000000a2e00000, 0x00000000a6c00000, 0x00000000e0f00000)
  object space 63488K, 28% used [0x00000000a2e00000,0x00000000a3fdd630,0x00000000a6c00000)
 PSPermGen       total 21504K, used 14039K [0x000000009dc00000, 0x000000009f100000, 0x00000000a2e00000)
  object space 21504K, 65% used [0x000000009dc00000,0x000000009e9b5db8,0x000000009f100000)
}
Event: 4,695 GC heap before
{Heap before GC invocations=6 (full 0):
 PSYoungGen      total 52736K, used 52736K [0x00000000e0f00000, 0x00000000e8800000, 0x0000000100000000)
  eden space 49152K, 100% used [0x00000000e0f00000,0x00000000e3f00000,0x00000000e3f00000)
  from space 3584K, 100% used [0x00000000e3f00000,0x00000000e4280000,0x00000000e4280000)
  to   space 12800K, 0% used [0x00000000e7b80000,0x00000000e7b80000,0x00000000e8800000)
 ParOldGen       total 63488K, used 18293K [0x00000000a2e00000, 0x00000000a6c00000, 0x00000000e0f00000)
  object space 63488K, 28% used [0x00000000a2e00000,0x00000000a3fdd630,0x00000000a6c00000)
 PSPermGen       total 21504K, used 15309K [0x000000009dc00000, 0x000000009f100000, 0x00000000a2e00000)
  object space 21504K, 71% used [0x000000009dc00000,0x000000009eaf3538,0x000000009f100000)
Event: 4,724 GC heap after
Heap after GC invocations=6 (full 0):
 PSYoungGen      total 110592K, used 9644K [0x00000000e0f00000, 0x00000000e8900000, 0x0000000100000000)
  eden space 97792K, 0% used [0x00000000e0f00000,0x00000000e0f00000,0x00000000e6e80000)
  from space 12800K, 75% used [0x00000000e7b80000,0x00000000e84eb3d8,0x00000000e8800000)
  to   space 13312K, 0% used [0x00000000e6e80000,0x00000000e6e80000,0x00000000e7b80000)
 ParOldGen       total 63488K, used 18293K [0x00000000a2e00000, 0x00000000a6c00000, 0x00000000e0f00000)
  object space 63488K, 28% used [0x00000000a2e00000,0x00000000a3fdd630,0x00000000a6c00000)
 PSPermGen       total 21504K, used 15309K [0x000000009dc00000, 0x000000009f100000, 0x00000000a2e00000)
  object space 21504K, 71% used [0x000000009dc00000,0x000000009eaf3538,0x000000009f100000)
}
Event: 6,832 GC heap before
{Heap before GC invocations=7 (full 0):
 PSYoungGen      total 110592K, used 107436K [0x00000000e0f00000, 0x00000000e8900000, 0x0000000100000000)
  eden space 97792K, 100% used [0x00000000e0f00000,0x00000000e6e80000,0x00000000e6e80000)
  from space 12800K, 75% used [0x00000000e7b80000,0x00000000e84eb3d8,0x00000000e8800000)
  to   space 13312K, 0% used [0x00000000e6e80000,0x00000000e6e80000,0x00000000e7b80000)
 ParOldGen       total 63488K, used 18293K [0x00000000a2e00000, 0x00000000a6c00000, 0x00000000e0f00000)
  object space 63488K, 28% used [0x00000000a2e00000,0x00000000a3fdd630,0x00000000a6c00000)
 PSPermGen       total 23552K, used 23375K [0x000000009dc00000, 0x000000009f300000, 0x00000000a2e00000)
  object space 23552K, 99% used [0x000000009dc00000,0x000000009f2d3e30,0x000000009f300000)
Event: 6,875 GC heap after
Heap after GC invocations=7 (full 0):
 PSYoungGen      total 111104K, used 13300K [0x00000000e0f00000, 0x00000000efd00000, 0x0000000100000000)
  eden space 97792K, 0% used [0x00000000e0f00000,0x00000000e0f00000,0x00000000e6e80000)
  from space 13312K, 99% used [0x00000000e6e80000,0x00000000e7b7d010,0x00000000e7b80000)
  to   space 24064K, 0% used [0x00000000ee580000,0x00000000ee580000,0x00000000efd00000)
 ParOldGen       total 63488K, used 35649K [0x00000000a2e00000, 0x00000000a6c00000, 0x00000000e0f00000)
  object space 63488K, 56% used [0x00000000a2e00000,0x00000000a50d0430,0x00000000a6c00000)
 PSPermGen       total 23552K, used 23375K [0x000000009dc00000, 0x000000009f300000, 0x00000000a2e00000)
  object space 23552K, 99% used [0x000000009dc00000,0x000000009f2d3e30,0x000000009f300000)
}
Event: 8,862 GC heap before
{Heap before GC invocations=8 (full 0):
 PSYoungGen      total 111104K, used 111092K [0x00000000e0f00000, 0x00000000efd00000, 0x0000000100000000)
  eden space 97792K, 100% used [0x00000000e0f00000,0x00000000e6e80000,0x00000000e6e80000)
  from space 13312K, 99% used [0x00000000e6e80000,0x00000000e7b7d010,0x00000000e7b80000)
  to   space 24064K, 0% used [0x00000000ee580000,0x00000000ee580000,0x00000000efd00000)
 ParOldGen       total 63488K, used 35649K [0x00000000a2e00000, 0x00000000a6c00000, 0x00000000e0f00000)
  object space 63488K, 56% used [0x00000000a2e00000,0x00000000a50d0430,0x00000000a6c00000)
 PSPermGen       total 27136K, used 26831K [0x000000009dc00000, 0x000000009f680000, 0x00000000a2e00000)
  object space 27136K, 98% used [0x000000009dc00000,0x000000009f633f68,0x000000009f680000)
Event: 8,924 GC heap after
Heap after GC invocations=8 (full 0):
 PSYoungGen      total 210944K, used 24064K [0x00000000e0f00000, 0x00000000f0e00000, 0x0000000100000000)
  eden space 186880K, 0% used [0x00000000e0f00000,0x00000000e0f00000,0x00000000ec580000)
  from space 24064K, 100% used [0x00000000ee580000,0x00000000efd00000,0x00000000efd00000)
  to   space 32768K, 0% used [0x00000000ec580000,0x00000000ec580000,0x00000000ee580000)
 ParOldGen       total 63488K, used 45628K [0x00000000a2e00000, 0x00000000a6c00000, 0x00000000e0f00000)
  object space 63488K, 71% used [0x00000000a2e00000,0x00000000a5a8f3e8,0x00000000a6c00000)
 PSPermGen       total 27136K, used 26831K [0x000000009dc00000, 0x000000009f680000, 0x00000000a2e00000)
  object space 27136K, 98% used [0x000000009dc00000,0x000000009f633f68,0x000000009f680000)
}
Event: 12,849 GC heap before
{Heap before GC invocations=9 (full 0):
 PSYoungGen      total 210944K, used 210944K [0x00000000e0f00000, 0x00000000f0e00000, 0x0000000100000000)
  eden space 186880K, 100% used [0x00000000e0f00000,0x00000000ec580000,0x00000000ec580000)
  from space 24064K, 100% used [0x00000000ee580000,0x00000000efd00000,0x00000000efd00000)
  to   space 32768K, 0% used [0x00000000ec580000,0x00000000ec580000,0x00000000ee580000)
 ParOldGen       total 63488K, used 45628K [0x00000000a2e00000, 0x00000000a6c00000, 0x00000000e0f00000)
  object space 63488K, 71% used [0x00000000a2e00000,0x00000000a5a8f3e8,0x00000000a6c00000)
 PSPermGen       total 31744K, used 31487K [0x000000009dc00000, 0x000000009fb00000, 0x00000000a2e00000)
  object space 31744K, 99% used [0x000000009dc00000,0x000000009fabff60,0x000000009fb00000)

