# JRE version: Java(TM) SE Runtime Environment (7.0_71-b14) (build 1.7.0_71-b14)
# Java VM: Java HotSpot(TM) 64-Bit Server VM (24.71-b01 mixed mode linux-amd64 compressed oops)
Heap
 PSYoungGen      total 219648K, used 32752K [0x00000000e0f00000, 0x00000000f0e00000, 0x0000000100000000)
  eden space 186880K, 0% used [0x00000000e0f00000,0x00000000e0f00000,0x00000000ec580000)
  from space 32768K, 99% used [0x00000000ec580000,0x00000000ee57c010,0x00000000ee580000)
  to   space 24064K, 0% used [0x00000000ee580000,0x00000000ee580000,0x00000000efd00000)
 ParOldGen       total 78336K, used 77130K [0x00000000a2e00000, 0x00000000a7a80000, 0x00000000e0f00000)
  object space 78336K, 98% used [0x00000000a2e00000,0x00000000a7952830,0x00000000a7a80000)
 PSPermGen       total 31744K, used 31498K [0x000000009dc00000, 0x000000009fb00000, 0x00000000a2e00000)
  object space 31744K, 99% used [0x000000009dc00000,0x000000009fac2918,0x000000009fb00000)
GC Heap History (10 events):
Event: 2,524 GC heap after
Heap after GC invocations=4 (full 0):
 PSYoungGen      total 52736K, used 3584K [0x00000000e0f00000, 0x00000000e4600000, 0x0000000100000000)
  eden space 49152K, 0% used [0x00000000e0f00000,0x00000000e0f00000,0x00000000e3f00000)
  from space 3584K, 100% used [0x00000000e4280000,0x00000000e4600000,0x00000000e4600000)
  to   space 3584K, 0% used [0x00000000e3f00000,0x00000000e3f00000,0x00000000e4280000)
 ParOldGen       total 63488K, used 10226K [0x00000000a2e00000, 0x00000000a6c00000, 0x00000000e0f00000)
  object space 63488K, 16% used [0x00000000a2e00000,0x00000000a37fc998,0x00000000a6c00000)
 PSPermGen       total 21504K, used 10935K [0x000000009dc00000, 0x000000009f100000, 0x00000000a2e00000)
  object space 21504K, 50% used [0x000000009dc00000,0x000000009e6add60,0x000000009f100000)
}
Event: 3,851 GC heap before
{Heap before GC invocations=5 (full 0):
 PSYoungGen      total 52736K, used 52736K [0x00000000e0f00000, 0x00000000e4600000, 0x0000000100000000)
  eden space 49152K, 100% used [0x00000000e0f00000,0x00000000e3f00000,0x00000000e3f00000)
  from space 3584K, 100% used [0x00000000e4280000,0x00000000e4600000,0x00000000e4600000)
  to   space 3584K, 0% used [0x00000000e3f00000,0x00000000e3f00000,0x00000000e4280000)
 ParOldGen       total 63488K, used 10226K [0x00000000a2e00000, 0x00000000a6c00000, 0x00000000e0f00000)
  object space 63488K, 16% used [0x00000000a2e00000,0x00000000a37fc998,0x00000000a6c00000)
 PSPermGen       total 21504K, used 14063K [0x000000009dc00000, 0x000000009f100000, 0x00000000a2e00000)
  object space 21504K, 65% used [0x000000009dc00000,0x000000009e9bbf30,0x000000009f100000)
Event: 3,875 GC heap after
Heap after GC invocations=5 (full 0):
 PSYoungGen      total 52736K, used 3568K [0x00000000e0f00000, 0x00000000e8800000, 0x0000000100000000)
  eden space 49152K, 0% used [0x00000000e0f00000,0x00000000e0f00000,0x00000000e3f00000)
  from space 3584K, 99% used [0x00000000e3f00000,0x00000000e427c010,0x00000000e4280000)
  to   space 12800K, 0% used [0x00000000e7b80000,0x00000000e7b80000,0x00000000e8800000)
 ParOldGen       total 63488K, used 18507K [0x00000000a2e00000, 0x00000000a6c00000, 0x00000000e0f00000)
  object space 63488K, 29% used [0x00000000a2e00000,0x00000000a4012fb0,0x00000000a6c00000)
 PSPermGen       total 21504K, used 14063K [0x000000009dc00000, 0x000000009f100000, 0x00000000a2e00000)
  object space 21504K, 65% used [0x000000009dc00000,0x000000009e9bbf30,0x000000009f100000)
}
Event: 4,668 GC heap before
{Heap before GC invocations=6 (full 0):
 PSYoungGen      total 52736K, used 52720K [0x00000000e0f00000, 0x00000000e8800000, 0x0000000100000000)
  eden space 49152K, 100% used [0x00000000e0f00000,0x00000000e3f00000,0x00000000e3f00000)
  from space 3584K, 99% used [0x00000000e3f00000,0x00000000e427c010,0x00000000e4280000)
  to   space 12800K, 0% used [0x00000000e7b80000,0x00000000e7b80000,0x00000000e8800000)
 ParOldGen       total 63488K, used 18507K [0x00000000a2e00000, 0x00000000a6c00000, 0x00000000e0f00000)
  object space 63488K, 29% used [0x00000000a2e00000,0x00000000a4012fb0,0x00000000a6c00000)
 PSPermGen       total 21504K, used 15310K [0x000000009dc00000, 0x000000009f100000, 0x00000000a2e00000)
  object space 21504K, 71% used [0x000000009dc00000,0x000000009eaf3800,0x000000009f100000)
Event: 4,688 GC heap after
Heap after GC invocations=6 (full 0):
 PSYoungGen      total 110592K, used 9599K [0x00000000e0f00000, 0x00000000e8900000, 0x0000000100000000)
  eden space 97792K, 0% used [0x00000000e0f00000,0x00000000e0f00000,0x00000000e6e80000)
  from space 12800K, 74% used [0x00000000e7b80000,0x00000000e84dfdd8,0x00000000e8800000)
  to   space 13312K, 0% used [0x00000000e6e80000,0x00000000e6e80000,0x00000000e7b80000)
 ParOldGen       total 63488K, used 18507K [0x00000000a2e00000, 0x00000000a6c00000, 0x00000000e0f00000)
  object space 63488K, 29% used [0x00000000a2e00000,0x00000000a4012fb0,0x00000000a6c00000)
 PSPermGen       total 21504K, used 15310K [0x000000009dc00000, 0x000000009f100000, 0x00000000a2e00000)
  object space 21504K, 71% used [0x000000009dc00000,0x000000009eaf3800,0x000000009f100000)
}
Event: 6,749 GC heap before
{Heap before GC invocations=7 (full 0):
 PSYoungGen      total 110592K, used 107380K [0x00000000e0f00000, 0x00000000e8900000, 0x0000000100000000)
  eden space 97792K, 99% used [0x00000000e0f00000,0x00000000e6e7d3c8,0x00000000e6e80000)
  from space 12800K, 74% used [0x00000000e7b80000,0x00000000e84dfdd8,0x00000000e8800000)
  to   space 13312K, 0% used [0x00000000e6e80000,0x00000000e6e80000,0x00000000e7b80000)
 ParOldGen       total 63488K, used 18507K [0x00000000a2e00000, 0x00000000a6c00000, 0x00000000e0f00000)
  object space 63488K, 29% used [0x00000000a2e00000,0x00000000a4012fb0,0x00000000a6c00000)
 PSPermGen       total 23552K, used 23472K [0x000000009dc00000, 0x000000009f300000, 0x00000000a2e00000)
  object space 23552K, 99% used [0x000000009dc00000,0x000000009f2ec398,0x000000009f300000)
Event: 6,865 GC heap after
Heap after GC invocations=7 (full 0):
 PSYoungGen      total 111104K, used 13281K [0x00000000e0f00000, 0x00000000efd00000, 0x0000000100000000)
  eden space 97792K, 0% used [0x00000000e0f00000,0x00000000e0f00000,0x00000000e6e80000)
  from space 13312K, 99% used [0x00000000e6e80000,0x00000000e7b787c8,0x00000000e7b80000)
  to   space 24064K, 0% used [0x00000000ee580000,0x00000000ee580000,0x00000000efd00000)
 ParOldGen       total 63488K, used 35939K [0x00000000a2e00000, 0x00000000a6c00000, 0x00000000e0f00000)
  object space 63488K, 56% used [0x00000000a2e00000,0x00000000a5118ca0,0x00000000a6c00000)
 PSPermGen       total 23552K, used 23472K [0x000000009dc00000, 0x000000009f300000, 0x00000000a2e00000)
  object space 23552K, 99% used [0x000000009dc00000,0x000000009f2ec398,0x000000009f300000)
}
Event: 8,949 GC heap before
{Heap before GC invocations=8 (full 0):
 PSYoungGen      total 111104K, used 111073K [0x00000000e0f00000, 0x00000000efd00000, 0x0000000100000000)
  eden space 97792K, 100% used [0x00000000e0f00000,0x00000000e6e80000,0x00000000e6e80000)
  from space 13312K, 99% used [0x00000000e6e80000,0x00000000e7b787c8,0x00000000e7b80000)
  to   space 24064K, 0% used [0x00000000ee580000,0x00000000ee580000,0x00000000efd00000)
 ParOldGen       total 63488K, used 35939K [0x00000000a2e00000, 0x00000000a6c00000, 0x00000000e0f00000)
  object space 63488K, 56% used [0x00000000a2e00000,0x00000000a5118ca0,0x00000000a6c00000)
 PSPermGen       total 27136K, used 26830K [0x000000009dc00000, 0x000000009f680000, 0x00000000a2e00000)
  object space 27136K, 98% used [0x000000009dc00000,0x000000009f633a30,0x000000009f680000)
Event: 9,015 GC heap after
Heap after GC invocations=8 (full 0):
 PSYoungGen      total 210944K, used 24048K [0x00000000e0f00000, 0x00000000f0e00000, 0x0000000100000000)
  eden space 186880K, 0% used [0x00000000e0f00000,0x00000000e0f00000,0x00000000ec580000)
  from space 24064K, 99% used [0x00000000ee580000,0x00000000efcfc010,0x00000000efd00000)
  to   space 32768K, 0% used [0x00000000ec580000,0x00000000ec580000,0x00000000ee580000)
 ParOldGen       total 63488K, used 45906K [0x00000000a2e00000, 0x00000000a6c00000, 0x00000000e0f00000)
  object space 63488K, 72% used [0x00000000a2e00000,0x00000000a5ad48a8,0x00000000a6c00000)
 PSPermGen       total 27136K, used 26830K [0x000000009dc00000, 0x000000009f680000, 0x00000000a2e00000)
  object space 27136K, 98% used [0x000000009dc00000,0x000000009f633a30,0x000000009f680000)
}
Event: 13,262 GC heap before
{Heap before GC invocations=9 (full 0):
 PSYoungGen      total 210944K, used 210928K [0x00000000e0f00000, 0x00000000f0e00000, 0x0000000100000000)
  eden space 186880K, 100% used [0x00000000e0f00000,0x00000000ec580000,0x00000000ec580000)
  from space 24064K, 99% used [0x00000000ee580000,0x00000000efcfc010,0x00000000efd00000)
  to   space 32768K, 0% used [0x00000000ec580000,0x00000000ec580000,0x00000000ee580000)
 ParOldGen       total 63488K, used 45906K [0x00000000a2e00000, 0x00000000a6c00000, 0x00000000e0f00000)
  object space 63488K, 72% used [0x00000000a2e00000,0x00000000a5ad48a8,0x00000000a6c00000)
 PSPermGen       total 31744K, used 31498K [0x000000009dc00000, 0x000000009fb00000, 0x00000000a2e00000)
  object space 31744K, 99% used [0x000000009dc00000,0x000000009fac2918,0x000000009fb00000)

