<?xml version="1.0" encoding="UTF-8" ?>
<testsuite errors="0" failures="0" hostname="rhlaptop" name="com.redhat.ceylon.common.test.CeylonConfigTest" tests="9" time="0.293" timestamp="2012-07-19T11:29:31">
  <properties>
[...]
</properties>
  <testcase classname="com.redhat.ceylon.common.test.CeylonConfigTest" name="testIsOptionDefined" time="0.012" />
  <testcase classname="com.redhat.ceylon.common.test.CeylonConfigTest" name="testStrings" time="0.006" />
  <testcase classname="com.redhat.ceylon.common.test.CeylonConfigTest" name="testCommentedBooleans" time="0.007" />
  <testcase classname="com.redhat.ceylon.common.test.CeylonConfigTest" name="testCommentedNumbers" time="0.007" />
  <testcase classname="com.redhat.ceylon.common.test.CeylonConfigTest" name="testMultiple" time="0.006" />
  <testcase classname="com.redhat.ceylon.common.test.CeylonConfigTest" name="testSectionNames" time="0.027" />
  <testcase classname="com.redhat.ceylon.common.test.CeylonConfigTest" name="testBooleans" time="0.005" />
  <testcase classname="com.redhat.ceylon.common.test.CeylonConfigTest" name="testNumbers" time="0.005" />
  <testcase classname="com.redhat.ceylon.common.test.CeylonConfigTest" name="testCommentedStrings" time="0.005" />
  <system-out><![CDATA[]]></system-out>
  <system-err><![CDATA[]]></system-err>
</testsuite>
